Baum, Hurn, and Lindsay (2020) Replication
==========================================

NILE RIVER DATA (N=663)
----------------------------------------------------------------------------------------------
|           |        |       |     |      Original Results      |        PyELW Results       |
| Transform | Method | Power |  m  |   d       S.E.   Asy.SE    |   d       S.E.   Asy.SE    |
----------------------------------------------------------------------------------------------
| Demeaned  | LW     |  0.65 |  68 | 0.409044  0.06212  0.06063 | 0.409044  0.06212  0.06063 |
| Demeaned  | ELW    |  0.65 |  68 | 0.407459  0.06243  0.06063 | 0.407458  0.06243  0.06063 |
| Detrended | LW     |  0.65 |  68 | 0.393717  0.06541  0.06063 | 0.393716  0.06541  0.06063 |
| Detrended | ELW    |  0.65 |  68 | 0.397066  0.06582  0.06063 | 0.397067  0.06582  0.06063 |
----------------------------------------------------------------------------------------------

SEA LEVEL DATA (N=1558)
----------------------------------------------------------------------------------------------
|           |        |       |     |      Original Results      |        PyELW Results       |
| Transform | Method | Power |  m  |   d       S.E.   Asy.SE    |   d       S.E.   Asy.SE    |
----------------------------------------------------------------------------------------------
| Demeaned  | LW     |  0.65 | 118 | 0.859211  0.04384  0.04603 | 0.859211  0.04384  0.04603 |
| Demeaned  | ELW    |  0.65 | 118 | 0.801612  0.03494  0.04603 | 0.801612  0.03494  0.04603 |
| Detrended | LW     |  0.50 |  39 | 0.551102  0.08104  0.08006 | 0.551102  0.08104  0.08006 |
| Detrended | LW     |  0.65 | 118 | 0.454184  0.04165  0.04603 | 0.454184  0.04165  0.04603 |
| Detrended | ELW    |  0.50 |  39 | 0.524068  0.07937  0.08006 | 0.524068  0.07937  0.08006 |
| Detrended | ELW    |  0.65 | 118 | 0.486036  0.04394  0.04603 | 0.486036  0.04394  0.04603 |
----------------------------------------------------------------------------------------------
