Table 1 from Hou and Perron (2014)
Bias and RMSE for short memory ARFIMA(alpha, d=0, 0) with RLS
=============================================================

Settings: 500 replications, bounds=[-0.99, 0.99]

-----------------------------------------------------------------------------------------------------
alpha = 0
-----------------------------------------------------------------------------------------------------

(a) Bias
     T |         p=0          |         p=5          |         p=10         |         p=20         |
       |   0.6    0.7    0.8  |   0.6    0.7    0.8  |   0.6    0.7    0.8  |   0.6    0.7    0.8  |
----------------------------------------------------------------------------------------------------
   256 | -0.054 -0.028 -0.017 | -0.041 -0.032 -0.011 |  0.003 -0.039 -0.021 |  0.141 -0.044 -0.024 |
   512 | -0.041 -0.022 -0.011 | -0.034 -0.021 -0.007 | -0.032 -0.044 -0.013 |  0.045 -0.054 -0.012 |
  1024 | -0.029 -0.015 -0.007 | -0.032 -0.014 -0.003 |  0.010 -0.028 -0.005 |  0.156 -0.030 -0.006 |
  2048 | -0.018 -0.010 -0.005 | -0.001 -0.006 -0.002 |  0.017 -0.005 -0.001 |  0.110 -0.007 -0.001 |
  4096 | -0.014 -0.007 -0.004 | -0.008 -0.005 -0.002 | -0.003 -0.006 -0.001 |  0.011 -0.004 -0.001 |

(b) RMSE
     T |         p=0          |         p=5          |         p=10         |         p=20         |
       |   0.6    0.7    0.8  |   0.6    0.7    0.8  |   0.6    0.7    0.8  |   0.6    0.7    0.8  |
----------------------------------------------------------------------------------------------------
   256 |  0.180  0.101  0.068 |  0.466  0.266  0.132 |  0.581  0.322  0.174 |  0.683  0.418  0.212 |
   512 |  0.126  0.077  0.048 |  0.364  0.187  0.096 |  0.490  0.247  0.107 |  0.605  0.309  0.130 |
  1024 |  0.092  0.055  0.036 |  0.323  0.120  0.061 |  0.447  0.158  0.072 |  0.589  0.220  0.085 |
  2048 |  0.068  0.043  0.028 |  0.222  0.093  0.043 |  0.334  0.110  0.048 |  0.476  0.151  0.055 |
  4096 |  0.051  0.031  0.020 |  0.160  0.067  0.029 |  0.217  0.079  0.034 |  0.363  0.122  0.039 |

-----------------------------------------------------------------------------------------------------
alpha = 0.3
-----------------------------------------------------------------------------------------------------

(a) Bias
     T |         p=0          |         p=5          |         p=10         |         p=20         |
       |   0.6    0.7    0.8  |   0.6    0.7    0.8  |   0.6    0.7    0.8  |   0.6    0.7    0.8  |
----------------------------------------------------------------------------------------------------
   256 | -0.007  0.073  0.164 |  0.017  0.129  0.241 |  0.046  0.152  0.261 |  0.121  0.155  0.281 |
   512 | -0.014  0.048  0.138 |  0.018  0.099  0.206 |  0.006  0.102  0.225 |  0.028  0.103  0.240 |
  1024 | -0.015  0.031  0.113 | -0.008  0.067  0.169 | -0.005  0.068  0.185 |  0.023  0.066  0.201 |
  2048 | -0.010  0.020  0.091 |  0.010  0.047  0.134 |  0.011  0.054  0.148 |  0.032  0.057  0.163 |
  4096 | -0.009  0.013  0.073 |  0.002  0.030  0.106 |  0.001  0.033  0.116 |  0.006  0.037  0.128 |

(b) RMSE
     T |         p=0          |         p=5          |         p=10         |         p=20         |
       |   0.6    0.7    0.8  |   0.6    0.7    0.8  |   0.6    0.7    0.8  |   0.6    0.7    0.8  |
----------------------------------------------------------------------------------------------------
   256 |  0.165  0.116  0.175 |  0.381  0.228  0.261 |  0.473  0.282  0.288 |  0.580  0.359  0.324 |
   512 |  0.117  0.082  0.145 |  0.293  0.168  0.218 |  0.373  0.196  0.239 |  0.497  0.250  0.259 |
  1024 |  0.087  0.060  0.118 |  0.247  0.115  0.177 |  0.351  0.137  0.194 |  0.440  0.171  0.211 |
  2048 |  0.066  0.046  0.095 |  0.170  0.088  0.139 |  0.218  0.103  0.154 |  0.317  0.119  0.169 |
  4096 |  0.050  0.033  0.076 |  0.124  0.064  0.109 |  0.162  0.070  0.120 |  0.227  0.090  0.132 |

-----------------------------------------------------------------------------------------------------
alpha = 0.6
-----------------------------------------------------------------------------------------------------

(a) Bias
     T |         p=0          |         p=5          |         p=10         |         p=20         |
       |   0.6    0.7    0.8  |   0.6    0.7    0.8  |   0.6    0.7    0.8  |   0.6    0.7    0.8  |
----------------------------------------------------------------------------------------------------
   256 |  0.141  0.297  0.437 |  0.212  0.385  0.501 |  0.233  0.423  0.531 |  0.248  0.453  0.559 |
   512 |  0.087  0.227  0.396 |  0.168  0.318  0.460 |  0.184  0.348  0.490 |  0.186  0.369  0.521 |
  1024 |  0.044  0.169  0.352 |  0.100  0.247  0.411 |  0.103  0.270  0.438 |  0.113  0.292  0.466 |
  2048 |  0.026  0.123  0.307 |  0.065  0.182  0.358 |  0.076  0.202  0.380 |  0.091  0.223  0.405 |
  4096 |  0.011  0.088  0.267 |  0.037  0.132  0.309 |  0.041  0.146  0.327 |  0.052  0.161  0.350 |

(b) RMSE
     T |         p=0          |         p=5          |         p=10         |         p=20         |
       |   0.6    0.7    0.8  |   0.6    0.7    0.8  |   0.6    0.7    0.8  |   0.6    0.7    0.8  |
----------------------------------------------------------------------------------------------------
   256 |  0.210  0.309  0.441 |  0.349  0.404  0.507 |  0.414  0.450  0.538 |  0.497  0.496  0.575 |
   512 |  0.137  0.236  0.399 |  0.260  0.333  0.464 |  0.309  0.365  0.494 |  0.384  0.402  0.526 |
  1024 |  0.095  0.177  0.354 |  0.183  0.258  0.414 |  0.230  0.282  0.441 |  0.288  0.309  0.469 |
  2048 |  0.069  0.130  0.309 |  0.138  0.191  0.360 |  0.158  0.212  0.382 |  0.203  0.235  0.407 |
  4096 |  0.050  0.093  0.268 |  0.101  0.141  0.311 |  0.119  0.154  0.329 |  0.147  0.170  0.351 |

Comparison with Hou and Perron (2014), Table 1
==============================================

alpha = 0.0
-----------------------------------------------------------------------
     T    p  beta |           Bias           |           RMSE          
                  |   Paper    Ours     Diff |   Paper    Ours     Diff
-----------------------------------------------------------------------
   256    0   0.6 |  -0.087  -0.054   +0.033 |   0.191   0.180   -0.011
   256    0   0.7 |  -0.047  -0.028   +0.019 |   0.111   0.101   -0.010
   256    0   0.8 |  -0.021  -0.017   +0.004 |   0.078   0.068   -0.010
   256    5   0.6 |  -0.021  -0.041   -0.020 |   0.423   0.466   +0.043
   256    5   0.7 |  -0.038  -0.032   +0.006 |   0.291   0.266   -0.025
   256    5   0.8 |   0.004  -0.011   -0.015 |   0.140   0.132   -0.008
   256   10   0.6 |   0.004   0.003   -0.001 |   0.546   0.581   +0.035
   256   10   0.7 |  -0.017  -0.039   -0.022 |   0.327   0.322   -0.005
   256   10   0.8 |  -0.002  -0.021   -0.019 |   0.162   0.174   +0.012
   256   20   0.6 |  -0.011   0.141   +0.152 |   0.656   0.683   +0.027
   256   20   0.7 |  -0.059  -0.044   +0.015 |   0.421   0.418   -0.003
   256   20   0.8 |   0.023  -0.024   -0.047 |   0.231   0.212   -0.019
   512    0   0.6 |  -0.052  -0.041   +0.011 |   0.132   0.126   -0.006
   512    0   0.7 |  -0.025  -0.022   +0.003 |   0.075   0.077   +0.002
   512    0   0.8 |  -0.008  -0.011   -0.003 |   0.046   0.048   +0.002
   512    5   0.6 |  -0.016  -0.034   -0.018 |   0.353   0.364   +0.011
   512    5   0.7 |  -0.007  -0.021   -0.014 |   0.169   0.187   +0.018
   512    5   0.8 |   0.005  -0.007   -0.012 |   0.082   0.096   +0.014
   512   10   0.6 |  -0.014  -0.032   -0.018 |   0.402   0.490   +0.088
   512   10   0.7 |  -0.028  -0.044   -0.016 |   0.197   0.247   +0.050
   512   10   0.8 |  -0.012  -0.013   -0.001 |   0.121   0.107   -0.014
   512   20   0.6 |  -0.086   0.045   +0.131 |   0.575   0.605   +0.030
   512   20   0.7 |  -0.055  -0.054   +0.001 |   0.362   0.309   -0.053
   512   20   0.8 |   0.011  -0.012   -0.023 |   0.104   0.130   +0.026
  1024    0   0.6 |  -0.037  -0.029   +0.008 |   0.095   0.092   -0.003
  1024    0   0.7 |  -0.016  -0.015   +0.001 |   0.057   0.055   -0.002
  1024    0   0.8 |  -0.006  -0.007   -0.001 |   0.037   0.036   -0.001
  1024    5   0.6 |  -0.029  -0.032   -0.003 |   0.262   0.323   +0.061
  1024    5   0.7 |  -0.001  -0.014   -0.013 |   0.130   0.120   -0.010
  1024    5   0.8 |   0.003  -0.003   -0.006 |   0.068   0.061   -0.007
  1024   10   0.6 |  -0.018   0.010   +0.028 |   0.280   0.447   +0.167
  1024   10   0.7 |  -0.001  -0.028   -0.027 |   0.147   0.158   +0.011
  1024   10   0.8 |  -0.004  -0.005   -0.001 |   0.071   0.072   +0.001
  1024   20   0.6 |   0.008   0.156   +0.148 |   0.376   0.589   +0.213
  1024   20   0.7 |  -0.026  -0.030   -0.004 |   0.213   0.220   +0.007
  1024   20   0.8 |   0.001  -0.006   -0.007 |   0.078   0.085   +0.007
  2048    0   0.6 |  -0.013  -0.018   -0.005 |   0.068   0.068   +0.000
  2048    0   0.7 |  -0.009  -0.010   -0.001 |   0.041   0.043   +0.002
  2048    0   0.8 |  -0.006  -0.005   +0.001 |   0.026   0.028   +0.002
  2048    5   0.6 |  -0.012  -0.001   +0.011 |   0.215   0.222   +0.007
  2048    5   0.7 |   0.001  -0.006   -0.007 |   0.089   0.093   +0.004
  2048    5   0.8 |   0.001  -0.002   -0.003 |   0.044   0.043   -0.001
  2048   10   0.6 |   0.016   0.017   +0.001 |   0.274   0.334   +0.060
  2048   10   0.7 |  -0.006  -0.005   +0.001 |   0.108   0.110   +0.002
  2048   10   0.8 |   0.005  -0.001   -0.006 |   0.046   0.048   +0.002
  2048   20   0.6 |   0.013   0.110   +0.097 |   0.316   0.476   +0.160
  2048   20   0.7 |  -0.011  -0.007   +0.004 |   0.131   0.151   +0.020
  2048   20   0.8 |  -0.005  -0.001   +0.004 |   0.052   0.055   +0.003
-----------------------------------------------------------------------
    Mean abs diff |                    0.021 |                    0.027
     Max abs diff |                    0.152 |                    0.213

alpha = 0.3
-----------------------------------------------------------------------
     T    p  beta |           Bias           |           RMSE          
                  |   Paper    Ours     Diff |   Paper    Ours     Diff
-----------------------------------------------------------------------
   256    0   0.6 |  -0.022  -0.007   +0.015 |   0.172   0.165   -0.007
   256    0   0.7 |   0.070   0.073   +0.003 |   0.118   0.116   -0.002
   256    0   0.8 |   0.168   0.164   -0.004 |   0.180   0.175   -0.005
   256    5   0.6 |  -0.009   0.017   +0.026 |   0.371   0.381   +0.010
   256    5   0.7 |   0.122   0.129   +0.007 |   0.201   0.228   +0.027
   256    5   0.8 |   0.246   0.241   -0.005 |   0.265   0.261   -0.004
   256   10   0.6 |   0.215   0.046   -0.169 |   0.467   0.473   +0.006
   256   10   0.7 |   0.413   0.152   -0.261 |   0.269   0.282   +0.013
   256   10   0.8 |   0.524   0.261   -0.263 |   0.277   0.288   +0.011
   256   20   0.6 |  -0.012   0.121   +0.133 |   0.524   0.580   +0.056
   256   20   0.7 |   0.131   0.155   +0.024 |   0.337   0.359   +0.022
   256   20   0.8 |   0.270   0.281   +0.011 |   0.311   0.324   +0.013
   512    0   0.6 |  -0.029  -0.014   +0.015 |   0.132   0.117   -0.015
   512    0   0.7 |   0.041   0.048   +0.007 |   0.086   0.082   -0.004
   512    0   0.8 |   0.134   0.138   +0.004 |   0.142   0.145   +0.003
   512    5   0.6 |  -0.015   0.018   +0.033 |   0.282   0.293   +0.011
   512    5   0.7 |   0.116   0.099   -0.017 |   0.179   0.168   -0.011
   512    5   0.8 |   0.194   0.206   +0.012 |   0.207   0.218   +0.011
   512   10   0.6 |   0.166   0.006   -0.160 |   0.354   0.373   +0.019
   512   10   0.7 |   0.354   0.102   -0.252 |   0.185   0.196   +0.011
   512   10   0.8 |   0.491   0.225   -0.266 |   0.235   0.239   +0.004
   512   20   0.6 |   0.059   0.028   -0.031 |   0.432   0.497   +0.065
   512   20   0.7 |   0.142   0.103   -0.039 |   0.241   0.250   +0.009
   512   20   0.8 |   0.242   0.240   -0.002 |   0.261   0.259   -0.002
  1024    0   0.6 |  -0.012  -0.015   -0.003 |   0.082   0.087   +0.005
  1024    0   0.7 |   0.025   0.031   +0.006 |   0.058   0.060   +0.002
  1024    0   0.8 |   0.118   0.113   -0.005 |   0.122   0.118   -0.004
  1024    5   0.6 |  -0.009  -0.008   +0.001 |   0.157   0.247   +0.090
  1024    5   0.7 |   0.048   0.067   +0.019 |   0.087   0.115   +0.028
  1024    5   0.8 |   0.137   0.169   +0.032 |   0.142   0.177   +0.035
  1024   10   0.6 |   0.123  -0.005   -0.128 |   0.203   0.351   +0.148
  1024   10   0.7 |   0.267   0.068   -0.199 |   0.096   0.137   +0.041
  1024   10   0.8 |   0.436   0.185   -0.251 |   0.154   0.194   +0.040
  1024   20   0.6 |   0.023   0.023   +0.000 |   0.276   0.440   +0.164
  1024   20   0.7 |   0.053   0.066   +0.013 |   0.117   0.171   +0.054
  1024   20   0.8 |   0.160   0.201   +0.041 |   0.172   0.211   +0.039
  2048    0   0.6 |  -0.005  -0.010   -0.005 |   0.068   0.066   -0.002
  2048    0   0.7 |   0.027   0.020   -0.007 |   0.049   0.046   -0.003
  2048    0   0.8 |   0.092   0.091   -0.001 |   0.096   0.095   -0.001
  2048    5   0.6 |  -0.004   0.010   +0.014 |   0.128   0.170   +0.042
  2048    5   0.7 |   0.033   0.047   +0.014 |   0.060   0.088   +0.028
  2048    5   0.8 |   0.107   0.134   +0.027 |   0.111   0.139   +0.028
  2048   10   0.6 |   0.072   0.011   -0.061 |   0.140   0.218   +0.078
  2048   10   0.7 |   0.206   0.054   -0.152 |   0.066   0.103   +0.037
  2048   10   0.8 |   0.383   0.148   -0.235 |   0.120   0.154   +0.034
  2048   20   0.6 |  -0.012   0.032   +0.044 |   0.221   0.317   +0.096
  2048   20   0.7 |   0.040   0.057   +0.017 |   0.083   0.119   +0.036
  2048   20   0.8 |   0.013   0.163   +0.150 |   0.137   0.169   +0.032
-----------------------------------------------------------------------
    Mean abs diff |                    0.066 |                    0.029
     Max abs diff |                    0.266 |                    0.164

alpha = 0.6
-----------------------------------------------------------------------
     T    p  beta |           Bias           |           RMSE          
                  |   Paper    Ours     Diff |   Paper    Ours     Diff
-----------------------------------------------------------------------
   256    0   0.6 |   0.128   0.141   +0.013 |   0.194   0.210   +0.016
   256    0   0.7 |   0.299   0.297   -0.002 |   0.312   0.309   -0.003
   256    0   0.8 |   0.432   0.437   +0.005 |   0.437   0.441   +0.004
   256    5   0.6 |   0.176   0.212   +0.036 |   0.357   0.349   -0.008
   256    5   0.7 |   0.387   0.385   -0.002 |   0.407   0.404   -0.003
   256    5   0.8 |   0.498   0.501   +0.003 |   0.504   0.507   +0.003
   256   10   0.6 |   0.213   0.233   +0.020 |   0.385   0.414   +0.029
   256   10   0.7 |   0.414   0.423   +0.009 |   0.442   0.450   +0.008
   256   10   0.8 |   0.524   0.531   +0.007 |   0.530   0.538   +0.008
   256   20   0.6 |   0.221   0.248   +0.027 |   0.482   0.497   +0.015
   256   20   0.7 |   0.449   0.453   +0.004 |   0.493   0.496   +0.003
   256   20   0.8 |   0.561   0.559   -0.002 |   0.569   0.575   +0.006
   512    0   0.6 |   0.093   0.087   -0.006 |   0.145   0.137   -0.008
   512    0   0.7 |   0.223   0.227   +0.004 |   0.233   0.236   +0.003
   512    0   0.8 |   0.392   0.396   +0.004 |   0.395   0.399   +0.004
   512    5   0.6 |   0.135   0.168   +0.033 |   0.237   0.260   +0.023
   512    5   0.7 |   0.307   0.318   +0.011 |   0.322   0.333   +0.011
   512    5   0.8 |   0.459   0.460   +0.001 |   0.463   0.464   +0.001
   512   10   0.6 |   0.178   0.184   +0.006 |   0.300   0.309   +0.009
   512   10   0.7 |   0.344   0.348   +0.004 |   0.370   0.365   -0.005
   512   10   0.8 |   0.492   0.490   -0.002 |   0.497   0.494   -0.003
   512   20   0.6 |   0.174   0.186   +0.012 |   0.340   0.384   +0.044
   512   20   0.7 |   0.388   0.369   -0.019 |   0.414   0.402   -0.012
   512   20   0.8 |   0.517   0.521   +0.004 |   0.522   0.526   +0.004
  1024    0   0.6 |   0.052   0.044   -0.008 |   0.099   0.095   -0.004
  1024    0   0.7 |   0.170   0.169   -0.001 |   0.177   0.177   +0.000
  1024    0   0.8 |   0.347   0.352   +0.005 |   0.349   0.354   +0.005
  1024    5   0.6 |   0.109   0.100   -0.009 |   0.190   0.183   -0.007
  1024    5   0.7 |   0.250   0.247   -0.003 |   0.260   0.258   -0.002
  1024    5   0.8 |   0.406   0.411   +0.005 |   0.409   0.414   +0.005
  1024   10   0.6 |   0.069   0.103   +0.034 |   0.229   0.230   +0.001
  1024   10   0.7 |   0.202   0.270   +0.068 |   0.278   0.282   +0.004
  1024   10   0.8 |   0.380   0.438   +0.058 |   0.438   0.441   +0.003
  1024   20   0.6 |   0.108   0.113   +0.005 |   0.279   0.288   +0.009
  1024   20   0.7 |   0.298   0.292   -0.006 |   0.313   0.309   -0.004
  1024   20   0.8 |   0.463   0.466   +0.003 |   0.466   0.469   +0.003
  2048    0   0.6 |   0.020   0.026   +0.006 |   0.066   0.069   +0.003
  2048    0   0.7 |   0.125   0.123   -0.002 |   0.132   0.130   -0.002
  2048    0   0.8 |   0.307   0.307   +0.000 |   0.308   0.309   +0.001
  2048    5   0.6 |   0.066   0.065   -0.001 |   0.136   0.138   +0.002
  2048    5   0.7 |   0.186   0.182   -0.004 |   0.194   0.191   -0.003
  2048    5   0.8 |   0.361   0.358   -0.003 |   0.362   0.360   -0.002
  2048   10   0.6 |   0.063   0.076   +0.013 |   0.167   0.158   -0.009
  2048   10   0.7 |   0.143   0.202   +0.059 |   0.216   0.212   -0.004
  2048   10   0.8 |   0.330   0.380   +0.050 |   0.385   0.382   -0.003
  2048   20   0.6 |   0.085   0.091   +0.006 |   0.203   0.203   +0.000
  2048   20   0.7 |   0.234   0.223   -0.011 |   0.245   0.235   -0.010
  2048   20   0.8 |   0.409   0.405   -0.004 |   0.411   0.407   -0.004
-----------------------------------------------------------------------
    Mean abs diff |                    0.012 |                    0.007
     Max abs diff |                    0.068 |                    0.044
