Table 1 of Shimotsu and Phillips (2005)
n=500, m=n^{0.65}=56, replications=10000

Original results from paper:
=========================================================
|     |   Exact estimator      |  Untapered estimator   |
|  d  |  bias   s.d.    MSE    |   bias   s.d.   MSE    |
=========================================================
|-3.5 | -0.0024 0.0787  0.0062 |  3.1617 0.2831 10.0760 |
|-2.3 | -0.0020 0.0774  0.0060 |  1.6345 0.3041  2.7640 |
|-1.7 | -0.0020 0.0776  0.0060 |  0.8709 0.2788  0.8363 |
|-1.3 | -0.0014 0.0770  0.0059 |  0.4109 0.2170  0.2160 |
|-0.7 | -0.0024 0.0787  0.0062 |  0.0353 0.0885  0.0091 |
|-0.3 | -0.0033 0.0777  0.0060 | -0.0027 0.0781  0.0061 |
| 0.0 | -0.0029 0.0784  0.0061 | -0.0075 0.0781  0.0062 |
| 0.3 | -0.0020 0.0782  0.0061 | -0.0066 0.0785  0.0062 |
| 0.7 | -0.0017 0.0777  0.0060 |  0.0099 0.0812  0.0067 |
| 1.3 | -0.0014 0.0781  0.0061 | -0.2108 0.0982  0.0541 |
| 1.7 | -0.0025 0.0780  0.0061 | -0.6288 0.1331  0.4130 |
| 2.3 | -0.0026 0.0772  0.0060 | -1.2647 0.1046  1.6104 |
| 3.5 | -0.0016 0.0770  0.0059 | -2.4919 0.0724  6.2150 |
=========================================================

PyELW results:
=========================================================
|     |   Exact estimator      |  Untapered estimator   |
|  d  |  bias   s.d.    MSE    |   bias   s.d.   MSE    |
=========================================================
|-3.5 | -0.0014 0.0777  0.0060 |  3.1628 0.2845 10.0841 |
|-2.3 | -0.0015 0.0777  0.0060 |  1.6342 0.3075  2.7652 |
|-1.7 | -0.0015 0.0778  0.0061 |  0.8708 0.2792  0.8363 |
|-1.3 | -0.0015 0.0778  0.0061 |  0.4118 0.2179  0.2171 |
|-0.7 | -0.0015 0.0778  0.0061 |  0.0372 0.0883  0.0092 |
|-0.3 | -0.0015 0.0779  0.0061 | -0.0008 0.0780  0.0061 |
| 0.0 | -0.0016 0.0778  0.0061 | -0.0061 0.0775  0.0060 |
| 0.3 | -0.0015 0.0779  0.0061 | -0.0060 0.0780  0.0061 |
| 0.7 | -0.0015 0.0778  0.0061 |  0.0095 0.0811  0.0067 |
| 1.3 | -0.0014 0.0779  0.0061 | -0.2104 0.0986  0.0540 |
| 1.7 | -0.0014 0.0778  0.0061 | -0.6282 0.1314  0.4119 |
| 2.3 | -0.0012 0.0779  0.0061 | -1.2626 0.1149  1.6074 |
| 3.5 | -0.0013 0.0778  0.0061 | -2.4922 0.0735  6.2166 |
=========================================================
