Table 2 of Shimotsu and Phillips (2005)
n=500, m=n^{0.65}=56, replications=10000

Original results from paper:
=========================================================
|     | Tapered (HC) estimator |  Tapered (V) estimator |
|  d  |  bias   s.d.    MSE    |   bias   s.d.   MSE    |
=========================================================
|-3.5 |  2.5889 0.3037  6.7946 |  1.6126 0.3380  2.7148 |
|-2.3 |  1.1100 0.2893  1.3157 |  0.2155 0.1726  0.0762 |
|-1.7 |  0.4474 0.2154  0.2466 |  0.0259 0.1235  0.0159 |
|-1.3 |  0.1551 0.1231  0.0392 |  0.0081 0.1211  0.0147 |
|-0.7 |  0.0278 0.0957  0.0099 | -0.0068 0.1219  0.0149 |
|-0.3 |  0.0100 0.0971  0.0095 | -0.0133 0.1224  0.0151 |
| 0.0 |  0.0034 0.0985  0.0097 | -0.0138 0.1224  0.0152 |
| 0.3 | -0.0033 0.1004  0.0101 | -0.0132 0.1235  0.0154 |
| 0.7 | -0.0066 0.0994  0.0099 | -0.0068 0.1227  0.0151 |
| 1.3 | -0.0079 0.0987  0.0098 |  0.0140 0.1232  0.0154 |
| 1.7 |  0.0008 0.0972  0.0095 |  0.0456 0.1288  0.0187 |
| 2.3 |  0.0528 0.0981  0.0124 | -0.1781 0.1419  0.0519 |
| 3.5 | -0.4079 0.1142  0.1795 | -1.4541 0.1338  2.1322 |
=========================================================

PyELW results:
=========================================================
|     | Tapered (HC) estimator |  Tapered (V) estimator |
|  d  |  bias   s.d.    MSE    |   bias   s.d.   MSE    |
=========================================================
|-3.5 |  2.5920 0.2988  6.8075 |  1.6227 0.3330  2.7440 |
|-2.3 |  1.1104 0.2882  1.3160 |  0.2173 0.1734  0.0773 |
|-1.7 |  0.4493 0.2149  0.2481 |  0.0278 0.1211  0.0154 |
|-1.3 |  0.1547 0.1239  0.0393 |  0.0089 0.1204  0.0146 |
|-0.7 |  0.0294 0.0959  0.0101 | -0.0050 0.1201  0.0144 |
|-0.3 |  0.0134 0.0972  0.0096 | -0.0097 0.1202  0.0146 |
| 0.0 |  0.0053 0.0978  0.0096 | -0.0112 0.1202  0.0146 |
| 0.3 | -0.0007 0.0983  0.0097 | -0.0105 0.1202  0.0146 |
| 0.7 | -0.0055 0.0983  0.0097 | -0.0052 0.1203  0.0145 |
| 1.3 | -0.0050 0.0974  0.0095 |  0.0172 0.1222  0.0152 |
| 1.7 |  0.0029 0.0957  0.0092 |  0.0484 0.1258  0.0182 |
| 2.3 |  0.0557 0.0981  0.0127 | -0.1779 0.1407  0.0515 |
| 3.5 | -0.4069 0.1144  0.1787 | -1.4527 0.1380  2.1294 |
=========================================================
